  pstree.cpp
C:\GitHub\operation_system\nakangmin-2021270678-assignment-04\pstree.cpp(21,55): warning C4267: '인수': 'size_t'에서 'int'(으)로 변환하면서 데이터가 손실될 수 있습니다.
C:\GitHub\operation_system\nakangmin-2021270678-assignment-04\pstree.cpp(35,14): error C2039: 'addProcess': 'PSTree'의 멤버가 아닙니다.
C:\GitHub\operation_system\nakangmin-2021270678-assignment-04\pstree.h(9,7): message : 'PSTree' 선언을 참조하십시오.
C:\GitHub\operation_system\nakangmin-2021270678-assignment-04\pstree.cpp(37,41): error C2065: 'root': 선언되지 않은 식별자입니다.
C:\GitHub\operation_system\nakangmin-2021270678-assignment-04\pstree.cpp(37,23): error C3861: 'findParentProcess': 식별자를 찾을 수 없습니다.
C:\GitHub\operation_system\nakangmin-2021270678-assignment-04\pstree.cpp(40,9): error C2065: 'root': 선언되지 않은 식별자입니다.
C:\GitHub\operation_system\nakangmin-2021270678-assignment-04\pstree.cpp(49,14): error C2039: 'printProcessTree': 'PSTree'의 멤버가 아닙니다.
C:\GitHub\operation_system\nakangmin-2021270678-assignment-04\pstree.h(9,7): message : 'PSTree' 선언을 참조하십시오.
C:\GitHub\operation_system\nakangmin-2021270678-assignment-04\pstree.cpp(51,10): error C2039: 'stack': 'std'의 멤버가 아닙니다.
C:\Program Files\Microsoft Visual Studio\2022\Community\VC\Tools\MSVC\14.37.32822\include\vector(26,1): message : 'std' 선언을 참조하십시오.
C:\GitHub\operation_system\nakangmin-2021270678-assignment-04\pstree.cpp(51,10): error C2065: 'stack': 선언되지 않은 식별자입니다.
C:\GitHub\operation_system\nakangmin-2021270678-assignment-04\pstree.cpp(51,21): error C2275: 'std::pair<Process *,int>': 형식 대신 식이 필요합니다.
C:\GitHub\operation_system\nakangmin-2021270678-assignment-04\pstree.cpp(51,42): error C2065: 'processStack': 선언되지 않은 식별자입니다.
C:\GitHub\operation_system\nakangmin-2021270678-assignment-04\pstree.cpp(52,5): error C2065: 'processStack': 선언되지 않은 식별자입니다.
C:\GitHub\operation_system\nakangmin-2021270678-assignment-04\pstree.cpp(52,38): error C2065: 'root': 선언되지 않은 식별자입니다.
C:\GitHub\operation_system\nakangmin-2021270678-assignment-04\pstree.cpp(54,13): error C2065: 'processStack': 선언되지 않은 식별자입니다.
C:\GitHub\operation_system\nakangmin-2021270678-assignment-04\pstree.cpp(55,35): error C2065: 'processStack': 선언되지 않은 식별자입니다.
C:\GitHub\operation_system\nakangmin-2021270678-assignment-04\pstree.cpp(56,22): error C2065: 'processStack': 선언되지 않은 식별자입니다.
C:\GitHub\operation_system\nakangmin-2021270678-assignment-04\pstree.cpp(57,9): error C2065: 'processStack': 선언되지 않은 식별자입니다.
C:\GitHub\operation_system\nakangmin-2021270678-assignment-04\pstree.cpp(66,13): error C2065: 'processStack': 선언되지 않은 식별자입니다.
C:\GitHub\operation_system\nakangmin-2021270678-assignment-04\pstree.cpp(66,71): warning C4267: '인수': 'size_t'에서 'int'(으)로 변환하면서 데이터가 손실될 수 있습니다.
